 &NACIETEO
 /
 &NACOBS
 /
 &NACTAN
 /
 &NACTEX
 /
 &NACVEG
 /
 &NADOCK
 /
 &NAEAEM7
 /
 &NAEAER
 /
 &NAECOAPHY
 /
 &NAEPHLI
 /
 &NAEPHY
 /
 &NAERAD
   LRRTM=.FALSE.,
   LSRTM=.FALSE.,
   NMCICA=0,
   NOZOCL=0,
 /
 &NAERCLI
 /
 &NAETLDIAG
 /
 &NAEVOL
 /
 &NAIMPO
 /
 &NALORI
 /
 &NAMACV
 /
 &NAMAERDET
 /
 &NAMAFN
 /
 &NAMARG
   CNMEXP='ARPE',
   NCONF=923,
   LELAM=.TRUE.,
   LECMWF=.FALSE.,
   NSUPERSEDE=0,
 /
 &NAMARPHY
 /
 &NAMCA
 /
 &NAMCAPE
 /
 &NAMCFU
 /
 &NAMCHEM
 /
 &NAMCHET
 /
 &NAMCHK
 /
 &NAMCLA
   FENVN=0.,
   LKEYF=.FALSE.,
   LNEWORO=.FALSE.,
   LNEWORO2=.FALSE.,
   LIPGD=.TRUE.,
   LNLSM=.TRUE.,
   LNORO=.TRUE.,
 /
 &NAMCLDP
 /
 &NAMCLI
   LZ0THER=.FALSE.,
 /
 &NAMCLRADLID
 /
 &NAMCLTC
 /
 &NAMCOK
 /
 &NAMCOM
 /
 &NAMCOMPO
 /
 &NAMCOSJO
 /
 &NAMCT0
   LRPLANE=.FALSE.,
   LGRIB_API=.FALSE.,
   LALLOPR=.FALSE.,
   NUNDEFLD=-99999999,
 /
 &NAMCT1
 /
 &NAMCUMF
 /
 &NAMCUMFS
 /
 &NAMCVER
 /
 &NAMCVMNH
 /
 &NAMDDH
 /
 &NAMDFI
 /
 &NAMDIM
   NPROMA=-16,
   NDGLG=221,
   NDGUXG=221,
   NDLON=281,
   NDLUXG=281,
   NFLEVG=1,
 /
 &NAMDIMO
 /
 &NAMDIM_TRAJ
 /
 &NAMDPHY
 /
 &NAMDPRECIPS
 /
 &NAMDVISI
 /
 &NAMDYN
 /
 &NAMDYNA
   LSLAG=.TRUE.,
 /
 &NAMDYNA_STATIC
 /
 &NAMDYNCORE
 /
 &NAMECV
 /
 &NAMECVDESC
 /
 &NAMECVGRB
 /
 &NAMEMIS_CONF
 /
 &NAMENKF
 /
 &NAMENSCOV
 /
 &NAMFA
 /
 &NAMFAINIT
 /
 &NAMFPC
 /
 &NAMFPD
 /
 &NAMFPDY2
 /
 &NAMFPDYF
 /
 &NAMFPDYH
 /
 &NAMFPDYI
 /
 &NAMFPDYP
 /
 &NAMFPDYS
 /
 &NAMFPDYT
 /
 &NAMFPDYV
 /
 &NAMFPF
 /
 &NAMFPG
 /
 &NAMFPIOS
 /
 &NAMFPMOVE
 /
 &NAMFPOBJ
 /
 &NAMFPPHY
 /
 &NAMFPSC2
 /
 &NAMFPSC2_DEP
 /
 &NAMGEM
   NHTYP=0,
   NSTTYP=1,
   RMUCEN=1.,
   RLOCEN=0.,
   RSTRET=1.,
   LNONHYD_GEOM=.FALSE.,
   LNHX_GEOM=.FALSE.,
 /
 &NAMGFL
 /
 &NAMGRIB
 /
 &NAMGWD
 /
 &NAMGWDIAG
 /
 &NAMGWWMS
 /
 &NAMIAU
 /
 &NAMICE
 /
 &NAMINI
 /
 &NAMINTFLEX
 /
 &NAMIOMI
 /
 &NAMIOS
 /
 &NAMIO_SERV
 /
 &NAMJBALPHACV
 /
 &NAMJBCODES
 /
 &NAMJBECPHYSECV
 /
 &NAMJBHYBACV
 /
 &NAMJBSKTECV
 /
 &NAMJG
 /
 &NAMLCZ
 /
 &NAMLIMA
 /
 &NAMLSFORC
 /
 &NAMMARS
 /
 &NAMMCC
   N923=0,
 /
 &NAMMCUF
 /
 &NAMMETHOX
 /
 &NAMMKODB
 /
 &NAMMODERR
 /
 &NAMMODERRCONF
 /
 &NAMMODERRCOV
 /
 &NAMMODERRINCRCONF
 /
 &NAMMODERRMOD
 /
 &NAMMTS
 /
 &NAMMWAVE
 /
 &NAMNORGWD
 /
 &NAMNPROF
 /
 &NAMNUD
 /
 &NAMNUDGLH
 /
 &NAMOBS
 /
 &NAMOOPS
 /
 &NAMOPH
 /
 &NAMOPTCMEM
 /
 &NAMPAR0
   MBX_SIZE=__MBX_SIZE__,
   NOUTPUT=1,
   NPROC=__NTASKS__,
   LMPOFF=.TRUE.,
   MP_TYPE=__MP_TYPE__,
   LOPT_SCALAR=__LOPT_SCALAR__,
   NPRINTLEV=1,
 /
 &NAMPAR1
   LEQ_REGIONS=.FALSE.,
   LSPLIT=.FALSE.,
   NSTRIN=__NTASKS__,
   NSTROUT=__NTASKS__,
   NCOMBFLEN=__NCOMBFLEN__,
 /
 &NAMPARAR
 /
 &NAMPARECV
 /
 &NAMPERTPAR
 /
 &NAMPHMSE
 /
 &NAMPHY
   LMPHYS=.TRUE.,
   LSOLV=.TRUE.,
   LVGSN=.TRUE.,
 /
 &NAMPHY0
   GCVPSI=0.,
 /
 &NAMPHY1
 /
 &NAMPHY2
 /
 &NAMPHY3
 /
 &NAMPHYDS
 /
 &NAMPPC
 /
 &NAMPPVI
 /
 &NAMPRE
 /
 &NAMRADCMEM
 /
 &NAMRCF
 /
 &NAMRCOEF
 /
 &NAMRES
 /
 &NAMRGRI
 /
 &NAMRINC
 /
 &NAMRIP
   CSTOP='t0',
   TSTEP=600.,
 /
 &NAMRIP0
 /
 &NAMRLX
 /
 &NAMRSTRHBIAS
 /
 &NAMSATS
 /
 &NAMSATSIM
 /
 &NAMSCC
 /
 &NAMSCEN
 /
 &NAMSCM
 /
 &NAMSEKF
 /
 &NAMSENS
 /
 &NAMSIMPHL
 /
 &NAMSPNG
 /
 &NAMSPP
 /
 &NAMSPSDT
 /
 &NAMSTA
 /
 &NAMSTOPH
 /
 &NAMSWE
 /
 &NAMTESTVAR
 /
 &NAMTHLIM
 /
 &NAMTOPH
 /
 &NAMTRAJ
 /
 &NAMTRAJP
 /
 &NAMTRANS
   LFFTW=.TRUE.,
 /
 &NAMTRANS0
 /
 &NAMVAR
 /
 &NAMVARBC
 /
 &NAMVARBC_AIREP
 /
 &NAMVARBC_ALLSKY
 /
 &NAMVARBC_GBRAD
 /
 &NAMVARBC_MODES
 /
 &NAMVARBC_RAD
 /
 &NAMVARBC_SFCOBS
 /
 &NAMVARBC_TCWV
 /
 &NAMVARBC_TO3
 /
 &NAMVAREPS
 /
 &NAMVDF
 /
 &NAMVDOZ
 /
 &NAMVOLCANO
 /
 &NAMVRTL
 /
 &NAMVV0
 /
 &NAMVV1
 /
 &NAMVWRK
 /
 &NAMWAVELETJB
 /
 &NAMXFU
 /
 &NAM_CANAPE
 /
 &NAM_DISTRIBUTED_VECTORS
 /
 &NAPHLC
 /
 &NEMCT0
 /
 &NEMDIM
   NBZONG=8,
   NBZONL=8,
 /
 &NEMDYN
 /
 &NEMELBC0A
 /
 &NEMELBC0B
 /
 &NEMFPEZO
 /
 &NEMGEO
   ELON0=0.,
   ELAT0=0.,
   ELONC=3.,
   ELATC=46.,
   EDELX=0.1,
   EDELY=0.1,
 /
 &NEMJK
 /
 &NEMVAR
 /
 &NEMWAVELET
 /
 &NACIETEO
 /
 &NACOBS
 /
 &NACTAN
 /
 &NACTEX
 /
 &NACVEG
 /
 &NADOCK
 /
 &NAEAEM7
 /
 &NAEAER
 /
 &NAECOAPHY
 /
 &NAEPHLI
 /
 &NAEPHY
 /
 &NAERAD
   LRRTM=.FALSE.,
   LSRTM=.FALSE.,
   NMCICA=0,
   NOZOCL=0,
 /
 &NAERCLI
 /
 &NAETLDIAG
 /
 &NAEVOL
 /
 &NAIMPO
 /
 &NALORI
 /
 &NAMACV
 /
 &NAMAERDET
 /
 &NAMAFN
 /
 &NAMARG
   CNMEXP='ARPE',
   NCONF=923,
   LELAM=.TRUE.,
   LECMWF=.FALSE.,
   NSUPERSEDE=0,
 /
 &NAMARPHY
 /
 &NAMCA
 /
 &NAMCAPE
 /
 &NAMCFU
 /
 &NAMCHEM
 /
 &NAMCHET
 /
 &NAMCHK
 /
 &NAMCLA
   FENVN=0.,
   LKEYF=.FALSE.,
   LNEWORO=.FALSE.,
   LNEWORO2=.FALSE.,
   LIPGD=.TRUE.,
   LNLSM=.TRUE.,
   LNORO=.TRUE.,
 /
 &NAMCLDP
 /
 &NAMCLI
   LZ0THER=.FALSE.,
 /
 &NAMCLRADLID
 /
 &NAMCLTC
 /
 &NAMCOK
 /
 &NAMCOM
 /
 &NAMCOMPO
 /
 &NAMCOSJO
 /
 &NAMCT0
   LRPLANE=.FALSE.,
   LGRIB_API=.FALSE.,
   LALLOPR=.FALSE.,
   NUNDEFLD=-99999999,
 /
 &NAMCT1
 /
 &NAMCUMF
 /
 &NAMCUMFS
 /
 &NAMCVER
 /
 &NAMCVMNH
 /
 &NAMDDH
 /
 &NAMDFI
 /
 &NAMDIM
   NPROMA=-16,
   NDGLG=221,
   NDGUXG=221,
   NDLON=281,
   NDLUXG=281,
   NFLEVG=1,
 /
 &NAMDIMO
 /
 &NAMDIM_TRAJ
 /
 &NAMDPHY
 /
 &NAMDPRECIPS
 /
 &NAMDVISI
 /
 &NAMDYN
 /
 &NAMDYNA
   LSLAG=.TRUE.,
 /
 &NAMDYNA_STATIC
 /
 &NAMDYNCORE
 /
 &NAMECV
 /
 &NAMECVDESC
 /
 &NAMECVGRB
 /
 &NAMEMIS_CONF
 /
 &NAMENKF
 /
 &NAMENSCOV
 /
 &NAMFA
 /
 &NAMFAINIT
 /
 &NAMFPC
 /
 &NAMFPD
 /
 &NAMFPDY2
 /
 &NAMFPDYF
 /
 &NAMFPDYH
 /
 &NAMFPDYI
 /
 &NAMFPDYP
 /
 &NAMFPDYS
 /
 &NAMFPDYT
 /
 &NAMFPDYV
 /
 &NAMFPF
 /
 &NAMFPG
 /
 &NAMFPIOS
 /
 &NAMFPMOVE
 /
 &NAMFPOBJ
 /
 &NAMFPPHY
 /
 &NAMFPSC2
 /
 &NAMFPSC2_DEP
 /
 &NAMGEM
   NHTYP=0,
   NSTTYP=1,
   RMUCEN=1.,
   RLOCEN=0.,
   RSTRET=1.,
   LNONHYD_GEOM=.FALSE.,
   LNHX_GEOM=.FALSE.,
 /
 &NAMGFL
 /
 &NAMGRIB
 /
 &NAMGWD
 /
 &NAMGWDIAG
 /
 &NAMGWWMS
 /
 &NAMIAU
 /
 &NAMICE
 /
 &NAMINI
 /
 &NAMINTFLEX
 /
 &NAMIOMI
 /
 &NAMIOS
 /
 &NAMIO_SERV
 /
 &NAMJBALPHACV
 /
 &NAMJBCODES
 /
 &NAMJBECPHYSECV
 /
 &NAMJBHYBACV
 /
 &NAMJBSKTECV
 /
 &NAMJG
 /
 &NAMLCZ
 /
 &NAMLIMA
 /
 &NAMLSFORC
 /
 &NAMMARS
 /
 &NAMMCC
   N923=0,
 /
 &NAMMCUF
 /
 &NAMMETHOX
 /
 &NAMMKODB
 /
 &NAMMODERR
 /
 &NAMMODERRCONF
 /
 &NAMMODERRCOV
 /
 &NAMMODERRINCRCONF
 /
 &NAMMODERRMOD
 /
 &NAMMTS
 /
 &NAMMWAVE
 /
 &NAMNORGWD
 /
 &NAMNPROF
 /
 &NAMNUD
 /
 &NAMNUDGLH
 /
 &NAMOBS
 /
 &NAMOOPS
 /
 &NAMOPH
 /
 &NAMOPTCMEM
 /
 &NAMPAR0
   MBX_SIZE=__MBX_SIZE__,
   NOUTPUT=1,
   NPROC=__NTASKS__,
   LMPOFF=.TRUE.,
   MP_TYPE=__MP_TYPE__,
   LOPT_SCALAR=__LOPT_SCALAR__,
   NPRINTLEV=1,
 /
 &NAMPAR1
   LEQ_REGIONS=.FALSE.,
   LSPLIT=.FALSE.,
   NSTRIN=__NTASKS__,
   NSTROUT=__NTASKS__,
   NCOMBFLEN=__NCOMBFLEN__,
 /
 &NAMPARAR
 /
 &NAMPARECV
 /
 &NAMPERTPAR
 /
 &NAMPHMSE
 /
 &NAMPHY
   LMPHYS=.TRUE.,
   LSOLV=.TRUE.,
   LVGSN=.TRUE.,
 /
 &NAMPHY0
   GCVPSI=0.,
 /
 &NAMPHY1
 /
 &NAMPHY2
 /
 &NAMPHY3
 /
 &NAMPHYDS
 /
 &NAMPPC
 /
 &NAMPPVI
 /
 &NAMPRE
 /
 &NAMRADCMEM
 /
 &NAMRCF
 /
 &NAMRCOEF
 /
 &NAMRES
 /
 &NAMRGRI
 /
 &NAMRINC
 /
 &NAMRIP
   CSTOP='t0',
   TSTEP=600.,
 /
 &NAMRIP0
 /
 &NAMRLX
 /
 &NAMRSTRHBIAS
 /
 &NAMSATS
 /
 &NAMSATSIM
 /
 &NAMSCC
 /
 &NAMSCEN
 /
 &NAMSCM
 /
 &NAMSEKF
 /
 &NAMSENS
 /
 &NAMSIMPHL
 /
 &NAMSPNG
 /
 &NAMSPP
 /
 &NAMSPSDT
 /
 &NAMSTA
 /
 &NAMSTOPH
 /
 &NAMSWE
 /
 &NAMTESTVAR
 /
 &NAMTHLIM
 /
 &NAMTOPH
 /
 &NAMTRAJ
 /
 &NAMTRAJP
 /
 &NAMTRANS
   LFFTW=.TRUE.,
 /
 &NAMTRANS0
 /
 &NAMVAR
 /
 &NAMVARBC
 /
 &NAMVARBC_AIREP
 /
 &NAMVARBC_ALLSKY
 /
 &NAMVARBC_GBRAD
 /
 &NAMVARBC_MODES
 /
 &NAMVARBC_RAD
 /
 &NAMVARBC_SFCOBS
 /
 &NAMVARBC_TCWV
 /
 &NAMVARBC_TO3
 /
 &NAMVAREPS
 /
 &NAMVDF
 /
 &NAMVDOZ
 /
 &NAMVOLCANO
 /
 &NAMVRTL
 /
 &NAMVV0
 /
 &NAMVV1
 /
 &NAMVWRK
 /
 &NAMWAVELETJB
 /
 &NAMXFU
 /
 &NAM_CANAPE
 /
 &NAM_DISTRIBUTED_VECTORS
 /
 &NAPHLC
 /
 &NEMCT0
 /
 &NEMDIM
   NBZONG=8,
   NBZONL=8,
 /
 &NEMDYN
 /
 &NEMELBC0A
 /
 &NEMELBC0B
 /
 &NEMFPEZO
 /
 &NEMGEO
   ELON0=0.,
   ELAT0=0.,
   ELONC=3.,
   ELATC=46.,
   EDELX=0.1,
   EDELY=0.1,
 /
 &NEMJK
 /
 &NEMVAR
 /
 &NEMWAVELET
 /
 &NACIETEO
 /
 &NACOBS
 /
 &NACTAN
 /
 &NACTEX
 /
 &NACVEG
 /
 &NADOCK
 /
 &NAEAEM7
 /
 &NAEAER
 /
 &NAECOAPHY
 /
 &NAEPHLI
 /
 &NAEPHY
 /
 &NAERAD
   LRRTM=.FALSE.,
   LSRTM=.FALSE.,
   NMCICA=0,
   NOZOCL=0,
 /
 &NAERCLI
 /
 &NAETLDIAG
 /
 &NAEVOL
 /
 &NAIMPO
 /
 &NALORI
 /
 &NAMACV
 /
 &NAMAERDET
 /
 &NAMAFN
 /
 &NAMARG
   CNMEXP='ARPE',
   NCONF=923,
   LELAM=.TRUE.,
   LECMWF=.FALSE.,
   NSUPERSEDE=0,
 /
 &NAMARPHY
 /
 &NAMCA
 /
 &NAMCAPE
 /
 &NAMCFU
 /
 &NAMCHEM
 /
 &NAMCHET
 /
 &NAMCHK
 /
 &NAMCLA
   FENVN=0.,
   LKEYF=.TRUE.,
   LNEWORO=.TRUE.,
   LNEWORO2=.FALSE.,
   LNLSM=.TRUE.,
   LNORO=.TRUE.,
   NLISSP=1,
   NLISSZ=1,
   QMAX=3.,
   QMIN=2.,
   HMIN=150.,
 /
 &NAMCLDP
 /
 &NAMCLI
   LZ0THER=.FALSE.,
 /
 &NAMCLRADLID
 /
 &NAMCLTC
 /
 &NAMCOK
 /
 &NAMCOM
 /
 &NAMCOMPO
 /
 &NAMCOSJO
 /
 &NAMCT0
   LRPLANE=.TRUE.,
   LGRIB_API=.FALSE.,
   LALLOPR=.FALSE.,
   NUNDEFLD=-99999999,
 /
 &NAMCT1
 /
 &NAMCUMF
 /
 &NAMCUMFS
 /
 &NAMCVER
 /
 &NAMCVMNH
 /
 &NAMDDH
 /
 &NAMDFI
 /
 &NAMDIM
   NPROMA=-16,
   NDGLG=500,
   NDGUXG=489,
   NDLON=810,
   NDLUXG=799,
   NFLEVG=1,
   NMSMAX=404,
   NSMAX=249,
 /
 &NAMDIMO
 /
 &NAMDIM_TRAJ
 /
 &NAMDPHY
 /
 &NAMDPRECIPS
 /
 &NAMDVISI
 /
 &NAMDYN
 /
 &NAMDYNA
   LSLAG=.TRUE.,
 /
 &NAMDYNA_STATIC
 /
 &NAMDYNCORE
 /
 &NAMECV
 /
 &NAMECVDESC
 /
 &NAMECVGRB
 /
 &NAMEMIS_CONF
 /
 &NAMENKF
 /
 &NAMENSCOV
 /
 &NAMFA
 /
 &NAMFAINIT
 /
 &NAMFPC
 /
 &NAMFPD
 /
 &NAMFPDY2
 /
 &NAMFPDYF
 /
 &NAMFPDYH
 /
 &NAMFPDYI
 /
 &NAMFPDYP
 /
 &NAMFPDYS
 /
 &NAMFPDYT
 /
 &NAMFPDYV
 /
 &NAMFPF
 /
 &NAMFPG
 /
 &NAMFPIOS
 /
 &NAMFPMOVE
 /
 &NAMFPOBJ
 /
 &NAMFPPHY
 /
 &NAMFPSC2
 /
 &NAMFPSC2_DEP
 /
 &NAMGEM
   NHTYP=0,
   NSTTYP=1,
   RMUCEN=1.,
   RLOCEN=0.,
   RSTRET=1.,
   LNONHYD_GEOM=.FALSE.,
   LNHX_GEOM=.FALSE.,
 /
 &NAMGFL
 /
 &NAMGRIB
 /
 &NAMGWD
 /
 &NAMGWDIAG
 /
 &NAMGWWMS
 /
 &NAMIAU
 /
 &NAMICE
 /
 &NAMINI
 /
 &NAMINTFLEX
 /
 &NAMIOMI
 /
 &NAMIOS
 /
 &NAMIO_SERV
 /
 &NAMJBALPHACV
 /
 &NAMJBCODES
 /
 &NAMJBECPHYSECV
 /
 &NAMJBHYBACV
 /
 &NAMJBSKTECV
 /
 &NAMJG
 /
 &NAMLCZ
 /
 &NAMLIMA
 /
 &NAMLSFORC
 /
 &NAMMARS
 /
 &NAMMCC
   N923=0,
 /
 &NAMMCUF
 /
 &NAMMETHOX
 /
 &NAMMKODB
 /
 &NAMMODERR
 /
 &NAMMODERRCONF
 /
 &NAMMODERRCOV
 /
 &NAMMODERRINCRCONF
 /
 &NAMMODERRMOD
 /
 &NAMMTS
 /
 &NAMMWAVE
 /
 &NAMNORGWD
 /
 &NAMNPROF
 /
 &NAMNUD
 /
 &NAMNUDGLH
 /
 &NAMOBS
 /
 &NAMOOPS
 /
 &NAMOPH
 /
 &NAMOPTCMEM
 /
 &NAMPAR0
   MBX_SIZE=__MBX_SIZE__,
   NOUTPUT=1,
   NPROC=__NTASKS__,
   LMPOFF=.TRUE.,
   MP_TYPE=__MP_TYPE__,
   LOPT_SCALAR=__LOPT_SCALAR__,
   NPRINTLEV=1,
 /
 &NAMPAR1
   LEQ_REGIONS=.FALSE.,
   LSPLIT=.FALSE.,
   NSTRIN=__NTASKS__,
   NSTROUT=__NTASKS__,
   NCOMBFLEN=__NCOMBFLEN__,
 /
 &NAMPARAR
 /
 &NAMPARECV
 /
 &NAMPERTPAR
 /
 &NAMPHMSE
 /
 &NAMPHY
   LMPHYS=.TRUE.,
   LSOLV=.TRUE.,
   LVGSN=.TRUE.,
 /
 &NAMPHY0
   GCVPSI=0.,
 /
 &NAMPHY1
 /
 &NAMPHY2
 /
 &NAMPHY3
 /
 &NAMPHYDS
 /
 &NAMPPC
 /
 &NAMPPVI
 /
 &NAMPRE
 /
 &NAMRADCMEM
 /
 &NAMRCF
 /
 &NAMRCOEF
 /
 &NAMRES
 /
 &NAMRGRI
 /
 &NAMRINC
 /
 &NAMRIP
   CSTOP='t0',
   TSTEP=600.,
 /
 &NAMRIP0
 /
 &NAMRLX
 /
 &NAMRSTRHBIAS
 /
 &NAMSATS
 /
 &NAMSATSIM
 /
 &NAMSCC
 /
 &NAMSCEN
 /
 &NAMSCM
 /
 &NAMSEKF
 /
 &NAMSENS
 /
 &NAMSIMPHL
 /
 &NAMSPNG
 /
 &NAMSPP
 /
 &NAMSPSDT
 /
 &NAMSTA
 /
 &NAMSTOPH
 /
 &NAMSWE
 /
 &NAMTESTVAR
 /
 &NAMTHLIM
 /
 &NAMTOPH
 /
 &NAMTRAJ
 /
 &NAMTRAJP
 /
 &NAMTRANS
   LFFTW=.TRUE.,
 /
 &NAMTRANS0
 /
 &NAMVAR
 /
 &NAMVARBC
 /
 &NAMVARBC_AIREP
 /
 &NAMVARBC_ALLSKY
 /
 &NAMVARBC_GBRAD
 /
 &NAMVARBC_MODES
 /
 &NAMVARBC_RAD
 /
 &NAMVARBC_SFCOBS
 /
 &NAMVARBC_TCWV
 /
 &NAMVARBC_TO3
 /
 &NAMVAREPS
 /
 &NAMVDF
 /
 &NAMVDOZ
 /
 &NAMVOLCANO
 /
 &NAMVRTL
 /
 &NAMVV0
 /
 &NAMVV1
 /
 &NAMVWRK
 /
 &NAMWAVELETJB
 /
 &NAMXFU
 /
 &NAM_CANAPE
 /
 &NAM_DISTRIBUTED_VECTORS
 /
 &NAPHLC
 /
 &NEMCT0
 /
 &NEMDIM
   NBZONG=8,
   NBZONL=8,
 /
 &NEMDYN
 /
 &NEMELBC0A
 /
 &NEMELBC0B
 /
 &NEMFPEZO
 /
 &NEMGEO
   ELON0=0.,
   ELAT0=0.,
   ELONC=60.,
   ELATC=-17.1,
   EDELX=8000.,
   EDELY=8000.,
 /
 &NEMJK
 /
 &NEMVAR
 /
 &NEMWAVELET
 /
